<?xml version="1.0" encoding="UTF-8"?>
<!-- Generated by org.testng.reporters.JUnitReportReporter -->
<testsuite skipped="0" hostname="MAVLT1187" name="com.hotwire.qa.testcases.HomePageTest" tests="1" failures="0" timestamp="17 Dec 2019 01:54:49 GMT" time="28.362" errors="0">
  <testcase name="verifyHomePageTitleTest" time="28.362" classname="com.hotwire.qa.testcases.HomePageTest"/>
</testsuite> <!-- com.hotwire.qa.testcases.HomePageTest -->
